[2021-01-16T21:21:28.427] [ERROR] DBConnection - Inside the getConnection --> Mongoose connection is disconnected... 
[2021-01-18T15:33:03.657] [ERROR] DBConnection - querySrv ENOTFOUND _mongodb._tcp.seekmy.isicl.gcp.mongodb.net
[2021-01-18T15:33:03.672] [ERROR] DBConnection - querySrv ENOTFOUND _mongodb._tcp.seekmy.isicl.gcp.mongodb.net
[2021-01-18T15:33:03.673] [ERROR] DBConnection - Inside the getConnection --> Mongoose connection is disconnected... 
[2021-01-18T15:37:57.223] [ERROR] DoctorController - Inside the DoctorController method of save::Data is not savedValidationError: consultingtime: Path `consultingtime` is required., rating: Path `rating` is required., longitude: Path `longitude` is required., latitude: Path `latitude` is required., location: Path `location` is required., imageUrl: Path `imageUrl` is required., availability: Path `availability` is required., specialization: Path `specialization` is required., qualification: Path `qualification` is required., name: Path `name` is required., docter_id: Path `docter_id` is required.
[2021-01-18T15:55:19.281] [ERROR] DoctorController - Inside the DoctorController method of save::Data is not savedValidationError: name: Path `name` is required., docterid: Path `docterid` is required.
[2021-01-18T15:58:35.479] [ERROR] DoctorController - Inside the DoctorController method of save::Data is not savedValidationError: name: Path `name` is required., docterid: Path `docterid` is required.
[2021-01-20T15:13:38.883] [ERROR] DBConnection - Inside the getConnection --> Mongoose connection is disconnected... 
[2021-01-20T15:13:38.895] [ERROR] DBConnection - Authentication failed.
[2021-01-20T15:13:38.898] [ERROR] DBConnection - Authentication failed.
[2021-01-20T15:14:22.045] [ERROR] DBConnection - Inside the getConnection --> Mongoose connection is disconnected... 
[2021-01-20T15:14:22.048] [ERROR] DBConnection - Authentication failed.
[2021-01-20T15:14:22.049] [ERROR] DBConnection - Authentication failed.
[2021-01-20T15:28:22.895] [ERROR] DoctorController - Inside the DoctorController method of save::ValidationError: age: Path `age` is required.
[2021-01-20T18:45:56.146] [ERROR] DBConnection - Inside the getConnection --> Mongoose connection is disconnected... 
[2021-01-20T21:27:18.515] [ERROR] DBConnection - Inside the getConnection --> Mongoose connection is disconnected... 
[2021-01-20T21:28:22.299] [ERROR] DBConnection - Inside the getConnection --> Mongoose connection is disconnected... 
[2021-01-20T22:04:18.649] [ERROR] DBConnection - Inside the getConnection --> Mongoose connection is disconnected... 
[2021-01-20T22:31:36.755] [ERROR] DBConnection - Inside the getConnection --> Mongoose connection is disconnected... 
[2021-01-22T13:02:02.195] [ERROR] DBConnection - Inside the getConnection --> Mongoose connection is disconnected... 
[2021-01-22T13:02:02.197] [ERROR] DBConnection - getaddrinfo EAI_AGAIN mongoose-mongo-0
[2021-01-22T13:02:02.198] [ERROR] DBConnection - getaddrinfo EAI_AGAIN mongoose-mongo-0
[2021-01-22T13:04:53.494] [ERROR] DBConnection - Inside the getConnection --> Mongoose connection is disconnected... 
[2021-01-22T13:04:53.498] [ERROR] DBConnection - getaddrinfo ENOTFOUND mongoose-mongo-0.mongoose-service.default.svc.cluster.local
[2021-01-22T13:04:53.498] [ERROR] DBConnection - getaddrinfo ENOTFOUND mongoose-mongo-0.mongoose-service.default.svc.cluster.local
[2021-01-22T13:07:09.910] [ERROR] DBConnection - Inside the getConnection --> Mongoose connection is disconnected... 
[2021-01-22T13:07:09.916] [ERROR] DBConnection - getaddrinfo EAI_AGAIN mongoose-mongo-0
[2021-01-22T13:07:09.916] [ERROR] DBConnection - getaddrinfo EAI_AGAIN mongoose-mongo-0
[2021-01-22T13:09:50.296] [ERROR] DBConnection - Inside the getConnection --> Mongoose connection is disconnected... 
[2021-01-22T13:09:50.302] [ERROR] DBConnection - getaddrinfo EAI_AGAIN mongoose-mongo-0
[2021-01-22T13:09:50.303] [ERROR] DBConnection - getaddrinfo EAI_AGAIN mongoose-mongo-0
[2021-01-22T13:17:52.601] [ERROR] DBConnection - Inside the getConnection --> Mongoose connection is disconnected... 
[2021-01-22T13:17:52.603] [ERROR] DBConnection - getaddrinfo EAI_AGAIN mongoose-mongo-0
[2021-01-22T13:17:52.604] [ERROR] DBConnection - getaddrinfo EAI_AGAIN mongoose-mongo-0
[2021-01-22T16:27:32.798] [ERROR] DBConnection - Inside the getConnection --> Mongoose connection is disconnected... 
[2021-01-22T16:27:32.801] [ERROR] DBConnection - getaddrinfo EAI_AGAIN mongoose-mongo-0
[2021-01-22T16:27:32.801] [ERROR] DBConnection - getaddrinfo EAI_AGAIN mongoose-mongo-0
[2021-01-22T16:28:46.575] [ERROR] DBConnection - Inside the getConnection --> Mongoose connection is disconnected... 
[2021-01-22T16:28:46.578] [ERROR] DBConnection - getaddrinfo EAI_AGAIN mongoose-mongo-0
[2021-01-22T16:28:46.578] [ERROR] DBConnection - getaddrinfo EAI_AGAIN mongoose-mongo-0
[2021-01-22T17:06:14.131] [ERROR] DBConnection - Inside the getConnection --> Mongoose connection is disconnected... 
[2021-01-22T17:06:14.135] [ERROR] DBConnection - getaddrinfo ENOTFOUND mongoose-mongo-0.mongoose-service.default.svc.cluster.local
[2021-01-22T17:06:14.135] [ERROR] DBConnection - getaddrinfo ENOTFOUND mongoose-mongo-0.mongoose-service.default.svc.cluster.local
